<?xml version="1.0" encoding="UTF-8"?>
<coverage generated="1676682256663" clover="3.2.0">
  <project timestamp="1676682256663" name="All files">
    <metrics statements="67" coveredstatements="67" conditionals="31" coveredconditionals="31" methods="15" coveredmethods="15" elements="113" coveredelements="113" complexity="0" loc="67" ncloc="67" packages="5" files="6" classes="6"/>
    <package name="bd-calculator">
      <metrics statements="1" coveredstatements="1" conditionals="0" coveredconditionals="0" methods="0" coveredmethods="0"/>
      <file name="index.ts" path="E:\MyProjects\bd-calculator\index.ts">
        <metrics statements="1" coveredstatements="1" conditionals="0" coveredconditionals="0" methods="0" coveredmethods="0"/>
        <line num="4" count="1" type="stmt"/>
      </file>
    </package>
    <package name="bd-calculator.src">
      <metrics statements="3" coveredstatements="3" conditionals="0" coveredconditionals="0" methods="1" coveredmethods="1"/>
      <file name="App.styles.tsx" path="E:\MyProjects\bd-calculator\src\App.styles.tsx">
        <metrics statements="1" coveredstatements="1" conditionals="0" coveredconditionals="0" methods="0" coveredmethods="0"/>
        <line num="3" count="4" type="stmt"/>
      </file>
      <file name="App.tsx" path="E:\MyProjects\bd-calculator\src\App.tsx">
        <metrics statements="2" coveredstatements="2" conditionals="0" coveredconditionals="0" methods="1" coveredmethods="1"/>
        <line num="7" count="2" type="stmt"/>
        <line num="8" count="1" type="stmt"/>
      </file>
    </package>
    <package name="bd-calculator.src.components.button">
      <metrics statements="14" coveredstatements="14" conditionals="9" coveredconditionals="9" methods="6" coveredmethods="6"/>
      <file name="index.tsx" path="E:\MyProjects\bd-calculator\src\components\button\index.tsx">
        <metrics statements="14" coveredstatements="14" conditionals="9" coveredconditionals="9" methods="6" coveredmethods="6"/>
        <line num="23" count="4" type="stmt"/>
        <line num="28" count="89" type="stmt"/>
        <line num="33" count="89" type="stmt"/>
        <line num="34" count="89" type="cond" truecount="2" falsecount="0"/>
        <line num="35" count="89" type="cond" truecount="2" falsecount="0"/>
        <line num="36" count="89" type="stmt"/>
        <line num="37" count="3" type="cond" truecount="2" falsecount="0"/>
        <line num="38" count="2" type="stmt"/>
        <line num="43" count="89" type="stmt"/>
        <line num="47" count="1" type="stmt"/>
        <line num="48" count="1" type="stmt"/>
        <line num="51" count="1" type="stmt"/>
        <line num="54" count="1" type="stmt"/>
        <line num="57" count="1" type="stmt"/>
      </file>
    </package>
    <package name="bd-calculator.src.hooks">
      <metrics statements="44" coveredstatements="44" conditionals="22" coveredconditionals="22" methods="7" coveredmethods="7"/>
      <file name="useCalculator.tsx" path="E:\MyProjects\bd-calculator\src\hooks\useCalculator.tsx">
        <metrics statements="44" coveredstatements="44" conditionals="22" coveredconditionals="22" methods="7" coveredmethods="7"/>
        <line num="22" count="3" type="stmt"/>
        <line num="28" count="16" type="stmt"/>
        <line num="39" count="16" type="stmt"/>
        <line num="40" count="1" type="stmt"/>
        <line num="50" count="16" type="stmt"/>
        <line num="51" count="4" type="stmt"/>
        <line num="52" count="4" type="stmt"/>
        <line num="64" count="16" type="stmt"/>
        <line num="65" count="3" type="stmt"/>
        <line num="66" count="3" type="cond" truecount="4" falsecount="0"/>
        <line num="67" count="1" type="stmt"/>
        <line num="79" count="16" type="stmt"/>
        <line num="80" count="4" type="stmt"/>
        <line num="81" count="4" type="cond" truecount="2" falsecount="0"/>
        <line num="83" count="1" type="stmt"/>
        <line num="85" count="3" type="cond" truecount="2" falsecount="0"/>
        <line num="86" count="1" type="stmt"/>
        <line num="101" count="16" type="stmt"/>
        <line num="102" count="3" type="stmt"/>
        <line num="104" count="3" type="stmt"/>
        <line num="109" count="3" type="stmt"/>
        <line num="111" count="3" type="stmt"/>
        <line num="113" count="3" type="stmt"/>
        <line num="114" count="2" type="stmt"/>
        <line num="116" count="1" type="stmt"/>
        <line num="130" count="16" type="stmt"/>
        <line num="131" count="6" type="stmt"/>
        <line num="132" count="6" type="cond" truecount="2" falsecount="0"/>
        <line num="133" count="5" type="stmt"/>
        <line num="134" count="5" type="cond" truecount="2" falsecount="0"/>
        <line num="136" count="3" type="cond" truecount="2" falsecount="0"/>
        <line num="137" count="1" type="stmt"/>
        <line num="140" count="2" type="cond" truecount="2" falsecount="0"/>
        <line num="141" count="1" type="stmt"/>
        <line num="144" count="1" type="stmt"/>
        <line num="145" count="1" type="stmt"/>
        <line num="150" count="2" type="cond" truecount="4" falsecount="0"/>
        <line num="151" count="1" type="stmt"/>
        <line num="154" count="1" type="stmt"/>
        <line num="158" count="5" type="stmt"/>
        <line num="159" count="5" type="stmt"/>
        <line num="161" count="6" type="cond" truecount="2" falsecount="0"/>
        <line num="163" count="1" type="stmt"/>
        <line num="167" count="16" type="stmt"/>
      </file>
    </package>
    <package name="bd-calculator.src.screens.main">
      <metrics statements="5" coveredstatements="5" conditionals="0" coveredconditionals="0" methods="1" coveredmethods="1"/>
      <file name="index.tsx" path="E:\MyProjects\bd-calculator\src\screens\main\index.tsx">
        <metrics statements="5" coveredstatements="5" conditionals="0" coveredconditionals="0" methods="1" coveredmethods="1"/>
        <line num="18" count="3" type="stmt"/>
        <line num="19" count="4" type="stmt"/>
        <line num="20" count="4" type="stmt"/>
        <line num="21" count="4" type="stmt"/>
        <line num="27" count="4" type="stmt"/>
      </file>
    </package>
  </project>
</coverage>
