{"E:\\MyProjects\\bd-calculator\\index.ts": {"path":"E:\\MyProjects\\bd-calculator\\index.ts","statementMap":{"0":{"start":{"line":4,"column":0},"end":{"line":4,"column":27}}},"fnMap":{},"branchMap":{},"s":{"0":1},"f":{},"b":{},"_coverageSchema":"1a1c01bbd47fc00a2c39e90264f33305004495a9","hash":"f6e304b5e460bbdd1aa62cc6947725000fc45a65"}
,"E:\\MyProjects\\bd-calculator\\src\\App.styles.tsx": {"path":"E:\\MyProjects\\bd-calculator\\src\\App.styles.tsx","statementMap":{"0":{"start":{"line":3,"column":15},"end":{"line":93,"column":2}}},"fnMap":{},"branchMap":{},"s":{"0":4},"f":{},"b":{},"_coverageSchema":"1a1c01bbd47fc00a2c39e90264f33305004495a9","hash":"e7a47a617bb6ff3ee28269f0476458dca2e0c1e6"}
,"E:\\MyProjects\\bd-calculator\\src\\App.tsx": {"path":"E:\\MyProjects\\bd-calculator\\src\\App.tsx","statementMap":{"0":{"start":{"line":7,"column":12},"end":{"line":19,"column":1}},"1":{"start":{"line":8,"column":2},"end":{"line":18,"column":4}}},"fnMap":{"0":{"name":"(anonymous_0)","decl":{"start":{"line":7,"column":12},"end":{"line":7,"column":13}},"loc":{"start":{"line":7,"column":18},"end":{"line":19,"column":1}},"line":7}},"branchMap":{},"s":{"0":2,"1":1},"f":{"0":1},"b":{},"_coverageSchema":"1a1c01bbd47fc00a2c39e90264f33305004495a9","hash":"2d93ddc335b277a587de32017402a29da94da4e3"}
,"E:\\MyProjects\\bd-calculator\\src\\components\\button\\index.tsx": {"path":"E:\\MyProjects\\bd-calculator\\src\\components\\button\\index.tsx","statementMap":{"0":{"start":{"line":23,"column":25},"end":{"line":63,"column":1}},"1":{"start":{"line":28,"column":28},"end":{"line":31,"column":3}},"2":{"start":{"line":33,"column":36},"end":{"line":33,"column":63}},"3":{"start":{"line":34,"column":16},"end":{"line":34,"column":73}},"4":{"start":{"line":35,"column":21},"end":{"line":35,"column":78}},"5":{"start":{"line":36,"column":22},"end":{"line":42,"column":3}},"6":{"start":{"line":37,"column":4},"end":{"line":37,"column":56}},"7":{"start":{"line":37,"column":17},"end":{"line":37,"column":56}},"8":{"start":{"line":38,"column":4},"end":{"line":41,"column":7}},"9":{"start":{"line":43,"column":2},"end":{"line":62,"column":4}},"10":{"start":{"line":47,"column":8},"end":{"line":47,"column":26}},"11":{"start":{"line":48,"column":8},"end":{"line":48,"column":26}},"12":{"start":{"line":51,"column":8},"end":{"line":51,"column":26}},"13":{"start":{"line":54,"column":8},"end":{"line":54,"column":26}},"14":{"start":{"line":57,"column":8},"end":{"line":57,"column":27}}},"fnMap":{"0":{"name":"(anonymous_0)","decl":{"start":{"line":23,"column":25},"end":{"line":23,"column":26}},"loc":{"start":{"line":27,"column":18},"end":{"line":63,"column":1}},"line":27},"1":{"name":"(anonymous_1)","decl":{"start":{"line":36,"column":22},"end":{"line":36,"column":23}},"loc":{"start":{"line":36,"column":43},"end":{"line":42,"column":3}},"line":36},"2":{"name":"(anonymous_2)","decl":{"start":{"line":46,"column":19},"end":{"line":46,"column":20}},"loc":{"start":{"line":46,"column":25},"end":{"line":49,"column":7}},"line":46},"3":{"name":"(anonymous_3)","decl":{"start":{"line":50,"column":15},"end":{"line":50,"column":16}},"loc":{"start":{"line":50,"column":21},"end":{"line":52,"column":7}},"line":50},"4":{"name":"(anonymous_4)","decl":{"start":{"line":53,"column":17},"end":{"line":53,"column":18}},"loc":{"start":{"line":53,"column":21},"end":{"line":55,"column":7}},"line":53},"5":{"name":"(anonymous_5)","decl":{"start":{"line":56,"column":18},"end":{"line":56,"column":19}},"loc":{"start":{"line":56,"column":24},"end":{"line":58,"column":7}},"line":56}},"branchMap":{"0":{"loc":{"start":{"line":25,"column":2},"end":{"line":25,"column":18}},"type":"default-arg","locations":[{"start":{"line":25,"column":13},"end":{"line":25,"column":18}}],"line":25},"1":{"loc":{"start":{"line":34,"column":16},"end":{"line":34,"column":73}},"type":"binary-expr","locations":[{"start":{"line":34,"column":16},"end":{"line":34,"column":32}},{"start":{"line":34,"column":36},"end":{"line":34,"column":73}}],"line":34},"2":{"loc":{"start":{"line":35,"column":21},"end":{"line":35,"column":78}},"type":"cond-expr","locations":[{"start":{"line":35,"column":33},"end":{"line":35,"column":50}},{"start":{"line":35,"column":53},"end":{"line":35,"column":78}}],"line":35},"3":{"loc":{"start":{"line":37,"column":4},"end":{"line":37,"column":56}},"type":"if","locations":[{"start":{"line":37,"column":4},"end":{"line":37,"column":56}},{"start":{},"end":{}}],"line":37},"4":{"loc":{"start":{"line":45,"column":29},"end":{"line":45,"column":58}},"type":"binary-expr","locations":[{"start":{"line":45,"column":29},"end":{"line":45,"column":34}},{"start":{"line":45,"column":38},"end":{"line":45,"column":58}}],"line":45}},"s":{"0":4,"1":89,"2":89,"3":89,"4":89,"5":89,"6":3,"7":1,"8":2,"9":89,"10":1,"11":1,"12":1,"13":1,"14":1},"f":{"0":89,"1":3,"2":1,"3":1,"4":1,"5":1},"b":{"0":[63],"1":[89,2],"2":[67,22],"3":[1,2],"4":[89,2]},"_coverageSchema":"1a1c01bbd47fc00a2c39e90264f33305004495a9","hash":"39b12e2d3d1cdda4a667e730019484002389bc34"}
,"E:\\MyProjects\\bd-calculator\\src\\hooks\\useCalculator.tsx": {"path":"E:\\MyProjects\\bd-calculator\\src\\hooks\\useCalculator.tsx","statementMap":{"0":{"start":{"line":22,"column":22},"end":{"line":174,"column":1}},"1":{"start":{"line":28,"column":21},"end":{"line":28,"column":51}},"2":{"start":{"line":39,"column":20},"end":{"line":40,"column":50}},"3":{"start":{"line":40,"column":4},"end":{"line":40,"column":50}},"4":{"start":{"line":50,"column":26},"end":{"line":53,"column":3}},"5":{"start":{"line":51,"column":4},"end":{"line":51,"column":18}},"6":{"start":{"line":52,"column":4},"end":{"line":52,"column":21}},"7":{"start":{"line":64,"column":22},"end":{"line":68,"column":3}},"8":{"start":{"line":65,"column":16},"end":{"line":65,"column":52}},"9":{"start":{"line":66,"column":4},"end":{"line":66,"column":67}},"10":{"start":{"line":66,"column":42},"end":{"line":66,"column":67}},"11":{"start":{"line":67,"column":4},"end":{"line":67,"column":25}},"12":{"start":{"line":79,"column":22},"end":{"line":89,"column":3}},"13":{"start":{"line":80,"column":25},"end":{"line":80,"column":39}},"14":{"start":{"line":81,"column":4},"end":{"line":88,"column":5}},"15":{"start":{"line":83,"column":8},"end":{"line":83,"column":33}},"16":{"start":{"line":85,"column":8},"end":{"line":86,"column":56}},"17":{"start":{"line":85,"column":27},"end":{"line":85,"column":57}},"18":{"start":{"line":86,"column":13},"end":{"line":86,"column":56}},"19":{"start":{"line":101,"column":20},"end":{"line":118,"column":3}},"20":{"start":{"line":102,"column":4},"end":{"line":117,"column":5}},"21":{"start":{"line":104,"column":28},"end":{"line":107,"column":39}},"22":{"start":{"line":109,"column":21},"end":{"line":109,"column":49}},"23":{"start":{"line":111,"column":27},"end":{"line":111,"column":41}},"24":{"start":{"line":113,"column":6},"end":{"line":113,"column":29}},"25":{"start":{"line":114,"column":6},"end":{"line":114,"column":23}},"26":{"start":{"line":116,"column":6},"end":{"line":116,"column":40}},"27":{"start":{"line":130,"column":24},"end":{"line":165,"column":3}},"28":{"start":{"line":131,"column":27},"end":{"line":131,"column":43}},"29":{"start":{"line":132,"column":4},"end":{"line":160,"column":5}},"30":{"start":{"line":133,"column":21},"end":{"line":133,"column":23}},"31":{"start":{"line":134,"column":6},"end":{"line":156,"column":7}},"32":{"start":{"line":136,"column":8},"end":{"line":147,"column":9}},"33":{"start":{"line":137,"column":10},"end":{"line":137,"column":49}},"34":{"start":{"line":140,"column":10},"end":{"line":146,"column":11}},"35":{"start":{"line":141,"column":12},"end":{"line":141,"column":51}},"36":{"start":{"line":144,"column":22},"end":{"line":144,"column":58}},"37":{"start":{"line":145,"column":12},"end":{"line":145,"column":49}},"38":{"start":{"line":150,"column":8},"end":{"line":155,"column":9}},"39":{"start":{"line":151,"column":10},"end":{"line":151,"column":36}},"40":{"start":{"line":154,"column":10},"end":{"line":154,"column":49}},"41":{"start":{"line":158,"column":6},"end":{"line":158,"column":25}},"42":{"start":{"line":159,"column":6},"end":{"line":159,"column":35}},"43":{"start":{"line":161,"column":4},"end":{"line":164,"column":5}},"44":{"start":{"line":163,"column":6},"end":{"line":163,"column":18}},"45":{"start":{"line":167,"column":2},"end":{"line":173,"column":4}}},"fnMap":{"0":{"name":"(anonymous_0)","decl":{"start":{"line":22,"column":22},"end":{"line":22,"column":23}},"loc":{"start":{"line":27,"column":26},"end":{"line":174,"column":1}},"line":27},"1":{"name":"(anonymous_1)","decl":{"start":{"line":39,"column":20},"end":{"line":39,"column":21}},"loc":{"start":{"line":40,"column":4},"end":{"line":40,"column":50}},"line":40},"2":{"name":"(anonymous_2)","decl":{"start":{"line":50,"column":26},"end":{"line":50,"column":27}},"loc":{"start":{"line":50,"column":32},"end":{"line":53,"column":3}},"line":50},"3":{"name":"(anonymous_3)","decl":{"start":{"line":64,"column":22},"end":{"line":64,"column":23}},"loc":{"start":{"line":64,"column":28},"end":{"line":68,"column":3}},"line":64},"4":{"name":"(anonymous_4)","decl":{"start":{"line":79,"column":22},"end":{"line":79,"column":23}},"loc":{"start":{"line":79,"column":51},"end":{"line":89,"column":3}},"line":79},"5":{"name":"(anonymous_5)","decl":{"start":{"line":101,"column":20},"end":{"line":101,"column":21}},"loc":{"start":{"line":101,"column":26},"end":{"line":118,"column":3}},"line":101},"6":{"name":"(anonymous_6)","decl":{"start":{"line":130,"column":24},"end":{"line":130,"column":25}},"loc":{"start":{"line":130,"column":55},"end":{"line":165,"column":3}},"line":130}},"branchMap":{"0":{"loc":{"start":{"line":66,"column":4},"end":{"line":66,"column":67}},"type":"if","locations":[{"start":{"line":66,"column":4},"end":{"line":66,"column":67}},{"start":{},"end":{}}],"line":66},"1":{"loc":{"start":{"line":66,"column":8},"end":{"line":66,"column":40}},"type":"binary-expr","locations":[{"start":{"line":66,"column":8},"end":{"line":66,"column":19}},{"start":{"line":66,"column":23},"end":{"line":66,"column":40}}],"line":66},"2":{"loc":{"start":{"line":81,"column":4},"end":{"line":88,"column":5}},"type":"switch","locations":[{"start":{"line":82,"column":6},"end":{"line":83,"column":33}},{"start":{"line":84,"column":6},"end":{"line":87,"column":7}}],"line":81},"3":{"loc":{"start":{"line":85,"column":8},"end":{"line":86,"column":56}},"type":"if","locations":[{"start":{"line":85,"column":8},"end":{"line":86,"column":56}},{"start":{"line":86,"column":13},"end":{"line":86,"column":56}}],"line":85},"4":{"loc":{"start":{"line":132,"column":4},"end":{"line":160,"column":5}},"type":"if","locations":[{"start":{"line":132,"column":4},"end":{"line":160,"column":5}},{"start":{},"end":{}}],"line":132},"5":{"loc":{"start":{"line":134,"column":6},"end":{"line":156,"column":7}},"type":"if","locations":[{"start":{"line":134,"column":6},"end":{"line":156,"column":7}},{"start":{"line":148,"column":13},"end":{"line":156,"column":7}}],"line":134},"6":{"loc":{"start":{"line":136,"column":8},"end":{"line":147,"column":9}},"type":"if","locations":[{"start":{"line":136,"column":8},"end":{"line":147,"column":9}},{"start":{"line":138,"column":15},"end":{"line":147,"column":9}}],"line":136},"7":{"loc":{"start":{"line":140,"column":10},"end":{"line":146,"column":11}},"type":"if","locations":[{"start":{"line":140,"column":10},"end":{"line":146,"column":11}},{"start":{"line":142,"column":17},"end":{"line":146,"column":11}}],"line":140},"8":{"loc":{"start":{"line":150,"column":8},"end":{"line":155,"column":9}},"type":"if","locations":[{"start":{"line":150,"column":8},"end":{"line":155,"column":9}},{"start":{"line":152,"column":15},"end":{"line":155,"column":9}}],"line":150},"9":{"loc":{"start":{"line":150,"column":12},"end":{"line":150,"column":51}},"type":"binary-expr","locations":[{"start":{"line":150,"column":12},"end":{"line":150,"column":25}},{"start":{"line":150,"column":29},"end":{"line":150,"column":51}}],"line":150},"10":{"loc":{"start":{"line":161,"column":4},"end":{"line":164,"column":5}},"type":"if","locations":[{"start":{"line":161,"column":4},"end":{"line":164,"column":5}},{"start":{},"end":{}}],"line":161}},"s":{"0":3,"1":16,"2":16,"3":1,"4":16,"5":4,"6":4,"7":16,"8":3,"9":3,"10":2,"11":1,"12":16,"13":4,"14":4,"15":1,"16":3,"17":2,"18":1,"19":16,"20":3,"21":3,"22":3,"23":3,"24":3,"25":2,"26":1,"27":16,"28":6,"29":6,"30":5,"31":5,"32":3,"33":1,"34":2,"35":1,"36":1,"37":1,"38":2,"39":1,"40":1,"41":5,"42":5,"43":6,"44":1,"45":16},"f":{"0":16,"1":1,"2":4,"3":3,"4":4,"5":3,"6":6},"b":{"0":[2,1],"1":[3,3],"2":[1,3],"3":[2,1],"4":[5,1],"5":[3,2],"6":[1,2],"7":[1,1],"8":[1,1],"9":[2,1],"10":[1,5]},"_coverageSchema":"1a1c01bbd47fc00a2c39e90264f33305004495a9","hash":"91efbf530f391917802d616d05e67ec72f99281c"}
,"E:\\MyProjects\\bd-calculator\\src\\screens\\main\\index.tsx": {"path":"E:\\MyProjects\\bd-calculator\\src\\screens\\main\\index.tsx","statementMap":{"0":{"start":{"line":18,"column":19},"end":{"line":95,"column":1}},"1":{"start":{"line":19,"column":28},"end":{"line":19,"column":41}},"2":{"start":{"line":20,"column":36},"end":{"line":20,"column":48}},"3":{"start":{"line":21,"column":54},"end":{"line":26,"column":4}},"4":{"start":{"line":27,"column":2},"end":{"line":94,"column":4}}},"fnMap":{"0":{"name":"(anonymous_0)","decl":{"start":{"line":18,"column":19},"end":{"line":18,"column":20}},"loc":{"start":{"line":18,"column":25},"end":{"line":95,"column":1}},"line":18}},"branchMap":{},"s":{"0":3,"1":4,"2":4,"3":4,"4":4},"f":{"0":4},"b":{},"_coverageSchema":"1a1c01bbd47fc00a2c39e90264f33305004495a9","hash":"ae01a8c58552efbf5b222799b654b0ee0d380563"}
}
