TN:
SF:index.ts
FNF:0
FNH:0
DA:4,1
LF:1
LH:1
BRF:0
BRH:0
end_of_record
TN:
SF:src\App.styles.tsx
FNF:0
FNH:0
DA:3,4
LF:1
LH:1
BRF:0
BRH:0
end_of_record
TN:
SF:src\App.tsx
FN:7,(anonymous_0)
FNF:1
FNH:1
FNDA:1,(anonymous_0)
DA:7,2
DA:8,1
LF:2
LH:2
BRF:0
BRH:0
end_of_record
TN:
SF:src\components\button\index.tsx
FN:23,(anonymous_0)
FN:36,(anonymous_1)
FN:46,(anonymous_2)
FN:50,(anonymous_3)
FN:53,(anonymous_4)
FN:56,(anonymous_5)
FNF:6
FNH:6
FNDA:89,(anonymous_0)
FNDA:3,(anonymous_1)
FNDA:1,(anonymous_2)
FNDA:1,(anonymous_3)
FNDA:1,(anonymous_4)
FNDA:1,(anonymous_5)
DA:23,4
DA:28,89
DA:33,89
DA:34,89
DA:35,89
DA:36,89
DA:37,3
DA:38,2
DA:43,89
DA:47,1
DA:48,1
DA:51,1
DA:54,1
DA:57,1
LF:14
LH:14
BRDA:25,0,0,63
BRDA:34,1,0,89
BRDA:34,1,1,2
BRDA:35,2,0,67
BRDA:35,2,1,22
BRDA:37,3,0,1
BRDA:37,3,1,2
BRDA:45,4,0,89
BRDA:45,4,1,2
BRF:9
BRH:9
end_of_record
TN:
SF:src\hooks\useCalculator.tsx
FN:22,(anonymous_0)
FN:39,(anonymous_1)
FN:50,(anonymous_2)
FN:64,(anonymous_3)
FN:79,(anonymous_4)
FN:101,(anonymous_5)
FN:130,(anonymous_6)
FNF:7
FNH:7
FNDA:16,(anonymous_0)
FNDA:1,(anonymous_1)
FNDA:4,(anonymous_2)
FNDA:3,(anonymous_3)
FNDA:4,(anonymous_4)
FNDA:3,(anonymous_5)
FNDA:6,(anonymous_6)
DA:22,3
DA:28,16
DA:39,16
DA:40,1
DA:50,16
DA:51,4
DA:52,4
DA:64,16
DA:65,3
DA:66,3
DA:67,1
DA:79,16
DA:80,4
DA:81,4
DA:83,1
DA:85,3
DA:86,1
DA:101,16
DA:102,3
DA:104,3
DA:109,3
DA:111,3
DA:113,3
DA:114,2
DA:116,1
DA:130,16
DA:131,6
DA:132,6
DA:133,5
DA:134,5
DA:136,3
DA:137,1
DA:140,2
DA:141,1
DA:144,1
DA:145,1
DA:150,2
DA:151,1
DA:154,1
DA:158,5
DA:159,5
DA:161,6
DA:163,1
DA:167,16
LF:44
LH:44
BRDA:66,0,0,2
BRDA:66,0,1,1
BRDA:66,1,0,3
BRDA:66,1,1,3
BRDA:81,2,0,1
BRDA:81,2,1,3
BRDA:85,3,0,2
BRDA:85,3,1,1
BRDA:132,4,0,5
BRDA:132,4,1,1
BRDA:134,5,0,3
BRDA:134,5,1,2
BRDA:136,6,0,1
BRDA:136,6,1,2
BRDA:140,7,0,1
BRDA:140,7,1,1
BRDA:150,8,0,1
BRDA:150,8,1,1
BRDA:150,9,0,2
BRDA:150,9,1,1
BRDA:161,10,0,1
BRDA:161,10,1,5
BRF:22
BRH:22
end_of_record
TN:
SF:src\screens\main\index.tsx
FN:18,(anonymous_0)
FNF:1
FNH:1
FNDA:4,(anonymous_0)
DA:18,3
DA:19,4
DA:20,4
DA:21,4
DA:27,4
LF:5
LH:5
BRF:0
BRH:0
end_of_record
